[+] Containers:
 |- [+] Container: /Game/ThirdPerson/Maps/ThirdPersonMap
 |   |- [+] ActorDescs:
 |   |   |- Guid:12138DD045E83644C02562B0BEB25261 BaseClass: NativeClass:/Script/Engine.StaticMeshActor Name:StaticMeshActor_UAID_B42E99A69228FAB201_1571149132 Label:SM_Aurora7 SpatiallyLoaded:1 Bounds:IsValid=true, Min=(X=-14043.100 Y=64947.029 Z=-9428.680), Max=(X=84437.680 Y=82311.848 Z=50571.482) RuntimeGrid:None EditorOnly:0 RuntimeOnly:0 HLODRelevant:1 ListedInSceneOutliner:1 IsMainWorldOnly:0 FolderPath:Aurora FolderGuid:0522E6934BE19FCFAEB124ADD8C19AF0
 |   |   |- Guid:1537028B45C1A34B8FBCAB9078F07D52 BaseClass: NativeClass:/Script/Engine.StaticMeshActor Name:StaticMeshActor_UAID_B42E99A6922824B301_1886177520 Label:SM_Aurora9 SpatiallyLoaded:1 Bounds:IsValid=true, Min=(X=-70783.812 Y=-77139.487 Z=-18465.951), Max=(X=-50814.273 Y=36113.411 Z=49034.231) RuntimeGrid:None EditorOnly:0 RuntimeOnly:0 HLODRelevant:1 ListedInSceneOutliner:1 IsMainWorldOnly:0 FolderPath:Aurora FolderGuid:0522E6934BE19FCFAEB124ADD8C19AF0
 |   |   |- Guid:1C9CFC2849FA2275F80D768D52EDF260 BaseClass: NativeClass:/Script/Engine.StaticMeshActor Name:StaticMeshActor_UAID_B42E99A69228FAB201_1518050130 Label:SM_Aurora5 SpatiallyLoaded:1 Bounds:IsValid=true, Min=(X=-105259.080 Y=-75348.699 Z=-14532.017), Max=(X=82679.454 Y=-6944.670 Z=45468.145) RuntimeGrid:None EditorOnly:0 RuntimeOnly:0 HLODRelevant:1 ListedInSceneOutliner:1 IsMainWorldOnly:0 FolderPath:Aurora FolderGuid:0522E6934BE19FCFAEB124ADD8C19AF0
 |   |   |- Guid:316CF2A6494ACA4C0E4180A87D36AB8F BaseClass: NativeClass:/Script/Engine.ExponentialHeightFog Name:ExponentialHeightFog_0 Label:ExponentialHeightFog SpatiallyLoaded:0 Bounds:IsValid=true, Min=(X=-5600.000 Y=-50.000 Z=-6850.000), Max=(X=-5600.000 Y=-50.000 Z=-6850.000) RuntimeGrid:None EditorOnly:0 RuntimeOnly:0 HLODRelevant:0 ListedInSceneOutliner:1 IsMainWorldOnly:0 FolderPath:Lighting FolderGuid:963EC3EB4002CCE9759E2EBA541A873A
 |   |   |- Guid:39D52F4B47ECB3900E0CFDB8A0F4EDCE BaseClass:/Engine/EngineSky/BP_Sky_Sphere.BP_Sky_Sphere_C NativeClass:/Script/Engine.Actor Name:BP_Sky_Sphere_C_UAID_B42E99A69228EEB201_1726330018 Label:BP_Sky_Sphere SpatiallyLoaded:0 Bounds:IsValid=true, Min=(X=-1591300.000 Y=-1714100.000 Z=-1610720.000), Max=(X=1685500.000 Y=1562700.000 Z=1666080.000) RuntimeGrid:None EditorOnly:0 RuntimeOnly:0 HLODRelevant:0 ListedInSceneOutliner:1 IsMainWorldOnly:0 FolderPath:Lighting FolderGuid:963EC3EB4002CCE9759E2EBA541A873A
 |   |   |- Guid:3A00AA1C422CE54C0BDB60BAF471BFBB BaseClass: NativeClass:/Script/Engine.PlayerStart Name:PlayerStart_0 Label:PlayerStart SpatiallyLoaded:0 Bounds:IsValid=true, Min=(X=760.000 Y=760.000 Z=23.000), Max=(X=840.000 Y=840.000 Z=207.000) RuntimeGrid:None EditorOnly:0 RuntimeOnly:0 HLODRelevant:0 ListedInSceneOutliner:1 IsMainWorldOnly:0
 |   |   |- Guid:3DB4448C45C98FFF9C4625A5BC3D6783 BaseClass: NativeClass:/Script/Engine.CameraActor Name:CameraActor_UAID_244BFEBB8C4E64B101_1806787674 Label:CameraActor2 SpatiallyLoaded:1 Bounds:IsValid=true, Min=(X=1080.000 Y=-42.308 Z=1311.754), Max=(X=1080.000 Y=-42.308 Z=1311.754) RuntimeGrid:None EditorOnly:0 RuntimeOnly:0 HLODRelevant:0 ListedInSceneOutliner:1 IsMainWorldOnly:0
 |   |   |- Guid:476684C6438C232BAA0E7A8E9FE6B2AF BaseClass: NativeClass:/Script/Engine.StaticMeshActor Name:StaticMeshActor_UAID_B42E99A69228FAB201_1526650131 Label:SM_Aurora6 SpatiallyLoaded:1 Bounds:IsValid=true, Min=(X=-54396.241 Y=-66132.959 Z=-19595.867), Max=(X=32206.304 Y=-16132.958 Z=51054.323) RuntimeGrid:None EditorOnly:0 RuntimeOnly:0 HLODRelevant:1 ListedInSceneOutliner:1 IsMainWorldOnly:0 FolderPath:Aurora FolderGuid:0522E6934BE19FCFAEB124ADD8C19AF0
 |   |   |- Guid:57B04FB04A870E3E3A7948A4DFD39241 BaseClass: NativeClass:/Script/Engine.StaticMeshActor Name:StaticMeshActor_UAID_B42E99A69228FBB201_1155798309 Label:Cylinder3 SpatiallyLoaded:1 Bounds:IsValid=true, Min=(X=-68.842 Y=-68.842 Z=-300.000), Max=(X=1668.842 Y=1668.842 Z=-198.773) RuntimeGrid:None EditorOnly:0 RuntimeOnly:0 HLODRelevant:1 ListedInSceneOutliner:1 IsMainWorldOnly:0 FolderPath:Playground FolderGuid:C73F09FC4215536B1DCE2A9E0A830C70
 |   |   |- Guid:5B97F4A64FB21F77EFC44386BF705B4C BaseClass: NativeClass:/Script/Engine.TextRenderActor Name:TextRenderActor_1 Label:TextRenderActor SpatiallyLoaded:1 Bounds:IsValid=true, Min=(X=-0.100 Y=330.000 Z=-134.987), Max=(X=-0.100 Y=1622.308 Z=15.013) RuntimeGrid:None EditorOnly:0 RuntimeOnly:0 HLODRelevant:0 ListedInSceneOutliner:1 IsMainWorldOnly:0
 |   |   |- Guid:5EA652094CA464E1BD0404BF39BF7D34 BaseClass: NativeClass:/Script/Engine.StaticMeshActor Name:StaticMeshActor_UAID_B42E99A6922824B301_1875027519 Label:SM_Aurora8 SpatiallyLoaded:1 Bounds:IsValid=true, Min=(X=-82346.324 Y=-90398.002 Z=-14532.017), Max=(X=-64981.503 Y=8082.778 Z=45468.145) RuntimeGrid:None EditorOnly:0 RuntimeOnly:0 HLODRelevant:1 ListedInSceneOutliner:1 IsMainWorldOnly:0 FolderPath:Aurora FolderGuid:0522E6934BE19FCFAEB124ADD8C19AF0
 |   |   |- Guid:6333A2B24BB3FBD3095C58986412FB0E BaseClass: NativeClass:/Script/Engine.StaticMeshActor Name:StaticMeshActor_UAID_B42E99A69228FAB201_1345981127 Label:Cylinder SpatiallyLoaded:1 Bounds:IsValid=true, Min=(X=50.000 Y=50.000 Z=-550.000), Max=(X=1550.000 Y=1550.000 Z=-450.000) RuntimeGrid:None EditorOnly:0 RuntimeOnly:0 HLODRelevant:1 ListedInSceneOutliner:1 IsMainWorldOnly:0 FolderPath:Playground FolderGuid:C73F09FC4215536B1DCE2A9E0A830C70
 |   |   |- Guid:6BAF4DDD444C60371492D3919DB42C97 BaseClass: NativeClass:/Script/Engine.WorldDataLayers Name:WorldDataLayers Label:WorldDataLayers SpatiallyLoaded:0 Bounds:IsValid=true, Min=(X=0.000 Y=0.000 Z=0.000), Max=(X=0.000 Y=0.000 Z=0.000) RuntimeGrid:None EditorOnly:0 RuntimeOnly:0 HLODRelevant:0 ListedInSceneOutliner:1 IsMainWorldOnly:1
 |   |   |- Guid:6D3ED4D442436E3C44C03EAA7512C37E BaseClass: NativeClass:/Script/Engine.StaticMeshActor Name:StaticMeshActor_UAID_B42E99A69228E8B201_1188418971 Label:SM_Aurora SpatiallyLoaded:1 Bounds:IsValid=true, Min=(X=34956.430 Y=-12474.807 Z=-27558.680), Max=(X=84956.432 Y=74127.738 Z=32441.482) RuntimeGrid:None EditorOnly:0 RuntimeOnly:0 HLODRelevant:1 ListedInSceneOutliner:1 IsMainWorldOnly:0 FolderPath:Aurora FolderGuid:0522E6934BE19FCFAEB124ADD8C19AF0
 |   |   |- Guid:8347A7654C7EBCA7ACC377B9FAA71C1F BaseClass: NativeClass:/Script/Engine.StaticMeshActor Name:StaticMeshActor_UAID_B42E99A69228F0B201_2071325375 Label:Sphere SpatiallyLoaded:1 Bounds:IsValid=true, Min=(X=-2000.000 Y=-4470.000 Z=-2327.500), Max=(X=5000.000 Y=6530.000 Z=-1052.500) RuntimeGrid:None EditorOnly:0 RuntimeOnly:0 HLODRelevant:1 ListedInSceneOutliner:1 IsMainWorldOnly:0 FolderPath:Playground FolderGuid:C73F09FC4215536B1DCE2A9E0A830C70
 |   |   |- Guid:845E21484D619D341FE531B2BEF51EB5 BaseClass: NativeClass:/Script/Engine.StaticMeshActor Name:StaticMeshActor_UAID_B42E99A69228FCB201_1320384486 Label:Cylinder4 SpatiallyLoaded:1 Bounds:IsValid=true, Min=(X=-2416.050 Y=-1900.786 Z=-1040.000), Max=(X=1160.412 Y=3500.786 Z=-938.773) RuntimeGrid:None EditorOnly:0 RuntimeOnly:0 HLODRelevant:1 ListedInSceneOutliner:1 IsMainWorldOnly:0 FolderPath:Playground FolderGuid:C73F09FC4215536B1DCE2A9E0A830C70
 |   |   |- Guid:9DCC15874FC3195E2CBBC18A798F2B6D BaseClass: NativeClass:/Script/Engine.StaticMeshActor Name:StaticMeshActor_UAID_B42E99A69228EFB201_1313831195 Label:SM_Aurora2 SpatiallyLoaded:1 Bounds:IsValid=true, Min=(X=23336.041 Y=-69252.155 Z=-25742.017), Max=(X=57538.057 Y=24717.111 Z=34258.145) RuntimeGrid:None EditorOnly:0 RuntimeOnly:0 HLODRelevant:1 ListedInSceneOutliner:1 IsMainWorldOnly:0 FolderPath:Aurora FolderGuid:0522E6934BE19FCFAEB124ADD8C19AF0
 |   |   |- Guid:9F2C4D3549A299766CAA2CA89DAE6DFF BaseClass:/Game/ThirdPerson/Blueprints/SnowBall/BP_Snowball.BP_Snowball_C NativeClass:/Script/Engine.Actor Name:Test_C_UAID_B42E99A69228BBB101_1253918992 Label:BP_TestBall SpatiallyLoaded:1 Bounds:IsValid=true, Min=(X=1150.000 Y=940.000 Z=110.000), Max=(X=1250.000 Y=1040.000 Z=210.000) RuntimeGrid:None EditorOnly:0 RuntimeOnly:0 HLODRelevant:0 ListedInSceneOutliner:1 IsMainWorldOnly:0
 |   |   |- Guid:B785ED2844B84CFB91E7F39FE661CD99 BaseClass: NativeClass:/Script/Engine.DirectionalLight Name:DirectionalLight_0 Label:DirectionalLight SpatiallyLoaded:0 Bounds:IsValid=true, Min=(X=-4398046511104.000 Y=-4398046511104.000 Z=-4398046511104.000), Max=(X=4398046511104.000 Y=4398046511104.000 Z=4398046511104.000) RuntimeGrid:None EditorOnly:0 RuntimeOnly:0 HLODRelevant:0 ListedInSceneOutliner:1 IsMainWorldOnly:0 FolderPath:Lighting FolderGuid:963EC3EB4002CCE9759E2EBA541A873A
 |   |   |- Guid:BAEF32C548070216DD263CB316115C39 BaseClass: NativeClass:/Script/Engine.StaticMeshActor Name:StaticMeshActor_UAID_B42E99A69228FDB201_2008102670 Label:Cone SpatiallyLoaded:1 Bounds:IsValid=true, Min=(X=-670.000 Y=-700.000 Z=-1370.000), Max=(X=2330.000 Y=2300.000 Z=-269.216) RuntimeGrid:None EditorOnly:0 RuntimeOnly:0 HLODRelevant:1 ListedInSceneOutliner:1 IsMainWorldOnly:0
 |   |   |- Guid:C92C8AAB4847716B19426F9164520D6F BaseClass: NativeClass:/Script/Engine.StaticMeshActor Name:StaticMeshActor_UAID_B42E99A6922824B301_1968846521 Label:SM_Aurora10 SpatiallyLoaded:1 Bounds:IsValid=true, Min=(X=-86890.994 Y=-24675.965 Z=-22478.595), Max=(X=-34732.922 Y=118627.168 Z=45321.588) RuntimeGrid:None EditorOnly:0 RuntimeOnly:0 HLODRelevant:1 ListedInSceneOutliner:1 IsMainWorldOnly:0 FolderPath:Aurora FolderGuid:0522E6934BE19FCFAEB124ADD8C19AF0
 |   |   |- Guid:CAAD5FC64523D6D80927BF8B0EC6DF6C BaseClass: NativeClass:/Script/Engine.StaticMeshActor Name:StaticMeshActor_UAID_B42E99A69228FAB201_1508204128 Label:SM_Aurora3 SpatiallyLoaded:1 Bounds:IsValid=true, Min=(X=6269.299 Y=-116160.118 Z=-14532.017), Max=(X=74673.331 Y=71778.416 Z=45468.145) RuntimeGrid:None EditorOnly:0 RuntimeOnly:0 HLODRelevant:1 ListedInSceneOutliner:1 IsMainWorldOnly:0 FolderPath:Aurora FolderGuid:0522E6934BE19FCFAEB124ADD8C19AF0
 |   |   |- Guid:CCFF262C46EEFFDF319E7F9539CE697E BaseClass: NativeClass:/Script/Engine.SkyAtmosphere Name:SkyAtmosphere_0 Label:SkyAtmosphere SpatiallyLoaded:0 Bounds:IsValid=true, Min=(X=0.000 Y=0.000 Z=1020.000), Max=(X=0.000 Y=0.000 Z=1020.000) RuntimeGrid:None EditorOnly:0 RuntimeOnly:0 HLODRelevant:0 ListedInSceneOutliner:1 IsMainWorldOnly:0 FolderPath:Lighting FolderGuid:963EC3EB4002CCE9759E2EBA541A873A
 |   |   |- Guid:D85997EA4B0C2B82F33D77AB0C37B306 BaseClass: NativeClass:/Script/Engine.StaticMeshActor Name:StaticMeshActor_UAID_B42E99A69228FEB201_1963651852 Label:S_Ice_Cliff_uhprdg2fa_lod3_Var1 SpatiallyLoaded:1 Bounds:IsValid=true, Min=(X=-342.924 Y=1968.553 Z=-1274.219), Max=(X=318.159 Y=2552.704 Z=-506.743) RuntimeGrid:None EditorOnly:0 RuntimeOnly:0 HLODRelevant:1 ListedInSceneOutliner:1 IsMainWorldOnly:0
 |   |   |- Guid:DD7D8A1748C72805F5223B88861E983E BaseClass: NativeClass:/Script/Engine.StaticMeshActor Name:StaticMeshActor_UAID_B42E99A69228E2B201_1844534905 Label:Cylinder2 SpatiallyLoaded:1 Bounds:IsValid=true, Min=(X=860.000 Y=720.000 Z=310.000), Max=(X=960.000 Y=820.000 Z=410.000) RuntimeGrid:None EditorOnly:0 RuntimeOnly:0 HLODRelevant:1 ListedInSceneOutliner:1 IsMainWorldOnly:0
 |   |   |- Guid:F30E9F1E4F75352293A703A5FC737F84 BaseClass: NativeClass:/Script/Engine.StaticMeshActor Name:StaticMeshActor_UAID_B42E99A69228FCB201_2069453487 Label:S_Ice_Cliff_uhpocesfa_lod3_Var1 SpatiallyLoaded:1 Bounds:IsValid=true, Min=(X=-373.496 Y=-875.728 Z=-1044.541), Max=(X=427.060 Y=43.931 Z=-244.513) RuntimeGrid:None EditorOnly:0 RuntimeOnly:0 HLODRelevant:1 ListedInSceneOutliner:1 IsMainWorldOnly:0
 |   |   |- Guid:F34E5FF2456E692F2C960F84976B5AC7 BaseClass: NativeClass:/Script/Engine.StaticMeshActor Name:StaticMeshActor_UAID_B42E99A6922824B301_2006853522 Label:SM_Aurora11 SpatiallyLoaded:1 Bounds:IsValid=true, Min=(X=-72111.843 Y=42981.700 Z=-25785.404), Max=(X=14490.702 Y=92981.702 Z=55064.814) RuntimeGrid:None EditorOnly:0 RuntimeOnly:0 HLODRelevant:1 ListedInSceneOutliner:1 IsMainWorldOnly:0 FolderPath:Aurora FolderGuid:0522E6934BE19FCFAEB124ADD8C19AF0
 |   |   |- Guid:F5E3FEB3450C49844FD93DA8E083C8AD BaseClass: NativeClass:/Script/Engine.PostProcessVolume Name:PostProcessVolume_0 Label:PostProcessVolume SpatiallyLoaded:0 Bounds:IsValid=true, Min=(X=0.000 Y=0.000 Z=400.000), Max=(X=200.000 Y=200.000 Z=600.000) RuntimeGrid:None EditorOnly:0 RuntimeOnly:0 HLODRelevant:0 ListedInSceneOutliner:1 IsMainWorldOnly:0 FolderPath:Lighting FolderGuid:963EC3EB4002CCE9759E2EBA541A873A
 |   |   |- Guid:F8D096994827E437C129498F3B4496D0 BaseClass: NativeClass:/Script/Engine.StaticMeshActor Name:StaticMeshActor_UAID_B42E99A6922829B301_1911992401 Label:SM_Aurora1 SpatiallyLoaded:1 Bounds:IsValid=true, Min=(X=30564.870 Y=-34378.710 Z=-26061.230), Max=(X=82132.005 Y=78384.411 Z=44290.538) RuntimeGrid:None EditorOnly:0 RuntimeOnly:0 HLODRelevant:1 ListedInSceneOutliner:1 IsMainWorldOnly:0 FolderPath:Aurora FolderGuid:0522E6934BE19FCFAEB124ADD8C19AF0
 |   |   |- Guid:FA732D104B560E39E68E50B01B04590F BaseClass: NativeClass:/Script/Engine.StaticMeshActor Name:StaticMeshActor_UAID_B42E99A69228FAB201_1510525129 Label:SM_Aurora4 SpatiallyLoaded:1 Bounds:IsValid=true, Min=(X=-84689.209 Y=-67861.878 Z=-14532.017), Max=(X=103249.326 Y=542.151 Z=45468.145) RuntimeGrid:None EditorOnly:0 RuntimeOnly:0 HLODRelevant:1 ListedInSceneOutliner:1 IsMainWorldOnly:0 FolderPath:Aurora FolderGuid:0522E6934BE19FCFAEB124ADD8C19AF0
 |   |- [+] Clusters:
 |   |   |- [+] [  0]
 |   |   |   |- Guid:12138DD045E83644C02562B0BEB25261 BaseClass: NativeClass:/Script/Engine.StaticMeshActor Name:StaticMeshActor_UAID_B42E99A69228FAB201_1571149132 Label:SM_Aurora7 SpatiallyLoaded:1 Bounds:IsValid=true, Min=(X=-14043.100 Y=64947.029 Z=-9428.680), Max=(X=84437.680 Y=82311.848 Z=50571.482) RuntimeGrid:None EditorOnly:0 RuntimeOnly:0 HLODRelevant:1 ListedInSceneOutliner:1 IsMainWorldOnly:0 FolderPath:Aurora FolderGuid:0522E6934BE19FCFAEB124ADD8C19AF0
 |   |   |- [+] [  1]
 |   |   |   |- Guid:1537028B45C1A34B8FBCAB9078F07D52 BaseClass: NativeClass:/Script/Engine.StaticMeshActor Name:StaticMeshActor_UAID_B42E99A6922824B301_1886177520 Label:SM_Aurora9 SpatiallyLoaded:1 Bounds:IsValid=true, Min=(X=-70783.812 Y=-77139.487 Z=-18465.951), Max=(X=-50814.273 Y=36113.411 Z=49034.231) RuntimeGrid:None EditorOnly:0 RuntimeOnly:0 HLODRelevant:1 ListedInSceneOutliner:1 IsMainWorldOnly:0 FolderPath:Aurora FolderGuid:0522E6934BE19FCFAEB124ADD8C19AF0
 |   |   |- [+] [  2]
 |   |   |   |- Guid:1C9CFC2849FA2275F80D768D52EDF260 BaseClass: NativeClass:/Script/Engine.StaticMeshActor Name:StaticMeshActor_UAID_B42E99A69228FAB201_1518050130 Label:SM_Aurora5 SpatiallyLoaded:1 Bounds:IsValid=true, Min=(X=-105259.080 Y=-75348.699 Z=-14532.017), Max=(X=82679.454 Y=-6944.670 Z=45468.145) RuntimeGrid:None EditorOnly:0 RuntimeOnly:0 HLODRelevant:1 ListedInSceneOutliner:1 IsMainWorldOnly:0 FolderPath:Aurora FolderGuid:0522E6934BE19FCFAEB124ADD8C19AF0
 |   |   |- [+] [  3]
 |   |   |   |- Guid:316CF2A6494ACA4C0E4180A87D36AB8F BaseClass: NativeClass:/Script/Engine.ExponentialHeightFog Name:ExponentialHeightFog_0 Label:ExponentialHeightFog SpatiallyLoaded:0 Bounds:IsValid=true, Min=(X=-5600.000 Y=-50.000 Z=-6850.000), Max=(X=-5600.000 Y=-50.000 Z=-6850.000) RuntimeGrid:None EditorOnly:0 RuntimeOnly:0 HLODRelevant:0 ListedInSceneOutliner:1 IsMainWorldOnly:0 FolderPath:Lighting FolderGuid:963EC3EB4002CCE9759E2EBA541A873A
 |   |   |- [+] [  4]
 |   |   |   |- Guid:39D52F4B47ECB3900E0CFDB8A0F4EDCE BaseClass:/Engine/EngineSky/BP_Sky_Sphere.BP_Sky_Sphere_C NativeClass:/Script/Engine.Actor Name:BP_Sky_Sphere_C_UAID_B42E99A69228EEB201_1726330018 Label:BP_Sky_Sphere SpatiallyLoaded:0 Bounds:IsValid=true, Min=(X=-1591300.000 Y=-1714100.000 Z=-1610720.000), Max=(X=1685500.000 Y=1562700.000 Z=1666080.000) RuntimeGrid:None EditorOnly:0 RuntimeOnly:0 HLODRelevant:0 ListedInSceneOutliner:1 IsMainWorldOnly:0 FolderPath:Lighting FolderGuid:963EC3EB4002CCE9759E2EBA541A873A
 |   |   |- [+] [  5]
 |   |   |   |- Guid:3A00AA1C422CE54C0BDB60BAF471BFBB BaseClass: NativeClass:/Script/Engine.PlayerStart Name:PlayerStart_0 Label:PlayerStart SpatiallyLoaded:0 Bounds:IsValid=true, Min=(X=760.000 Y=760.000 Z=23.000), Max=(X=840.000 Y=840.000 Z=207.000) RuntimeGrid:None EditorOnly:0 RuntimeOnly:0 HLODRelevant:0 ListedInSceneOutliner:1 IsMainWorldOnly:0
 |   |   |- [+] [  6]
 |   |   |   |- Guid:3DB4448C45C98FFF9C4625A5BC3D6783 BaseClass: NativeClass:/Script/Engine.CameraActor Name:CameraActor_UAID_244BFEBB8C4E64B101_1806787674 Label:CameraActor2 SpatiallyLoaded:1 Bounds:IsValid=true, Min=(X=1080.000 Y=-42.308 Z=1311.754), Max=(X=1080.000 Y=-42.308 Z=1311.754) RuntimeGrid:None EditorOnly:0 RuntimeOnly:0 HLODRelevant:0 ListedInSceneOutliner:1 IsMainWorldOnly:0
 |   |   |- [+] [  7]
 |   |   |   |- Guid:476684C6438C232BAA0E7A8E9FE6B2AF BaseClass: NativeClass:/Script/Engine.StaticMeshActor Name:StaticMeshActor_UAID_B42E99A69228FAB201_1526650131 Label:SM_Aurora6 SpatiallyLoaded:1 Bounds:IsValid=true, Min=(X=-54396.241 Y=-66132.959 Z=-19595.867), Max=(X=32206.304 Y=-16132.958 Z=51054.323) RuntimeGrid:None EditorOnly:0 RuntimeOnly:0 HLODRelevant:1 ListedInSceneOutliner:1 IsMainWorldOnly:0 FolderPath:Aurora FolderGuid:0522E6934BE19FCFAEB124ADD8C19AF0
 |   |   |- [+] [  8]
 |   |   |   |- Guid:57B04FB04A870E3E3A7948A4DFD39241 BaseClass: NativeClass:/Script/Engine.StaticMeshActor Name:StaticMeshActor_UAID_B42E99A69228FBB201_1155798309 Label:Cylinder3 SpatiallyLoaded:1 Bounds:IsValid=true, Min=(X=-68.842 Y=-68.842 Z=-300.000), Max=(X=1668.842 Y=1668.842 Z=-198.773) RuntimeGrid:None EditorOnly:0 RuntimeOnly:0 HLODRelevant:1 ListedInSceneOutliner:1 IsMainWorldOnly:0 FolderPath:Playground FolderGuid:C73F09FC4215536B1DCE2A9E0A830C70
 |   |   |- [+] [  9]
 |   |   |   |- Guid:5B97F4A64FB21F77EFC44386BF705B4C BaseClass: NativeClass:/Script/Engine.TextRenderActor Name:TextRenderActor_1 Label:TextRenderActor SpatiallyLoaded:1 Bounds:IsValid=true, Min=(X=-0.100 Y=330.000 Z=-134.987), Max=(X=-0.100 Y=1622.308 Z=15.013) RuntimeGrid:None EditorOnly:0 RuntimeOnly:0 HLODRelevant:0 ListedInSceneOutliner:1 IsMainWorldOnly:0
 |   |   |- [+] [ 10]
 |   |   |   |- Guid:5EA652094CA464E1BD0404BF39BF7D34 BaseClass: NativeClass:/Script/Engine.StaticMeshActor Name:StaticMeshActor_UAID_B42E99A6922824B301_1875027519 Label:SM_Aurora8 SpatiallyLoaded:1 Bounds:IsValid=true, Min=(X=-82346.324 Y=-90398.002 Z=-14532.017), Max=(X=-64981.503 Y=8082.778 Z=45468.145) RuntimeGrid:None EditorOnly:0 RuntimeOnly:0 HLODRelevant:1 ListedInSceneOutliner:1 IsMainWorldOnly:0 FolderPath:Aurora FolderGuid:0522E6934BE19FCFAEB124ADD8C19AF0
 |   |   |- [+] [ 11]
 |   |   |   |- Guid:6333A2B24BB3FBD3095C58986412FB0E BaseClass: NativeClass:/Script/Engine.StaticMeshActor Name:StaticMeshActor_UAID_B42E99A69228FAB201_1345981127 Label:Cylinder SpatiallyLoaded:1 Bounds:IsValid=true, Min=(X=50.000 Y=50.000 Z=-550.000), Max=(X=1550.000 Y=1550.000 Z=-450.000) RuntimeGrid:None EditorOnly:0 RuntimeOnly:0 HLODRelevant:1 ListedInSceneOutliner:1 IsMainWorldOnly:0 FolderPath:Playground FolderGuid:C73F09FC4215536B1DCE2A9E0A830C70
 |   |   |- [+] [ 12]
 |   |   |   |- Guid:6BAF4DDD444C60371492D3919DB42C97 BaseClass: NativeClass:/Script/Engine.WorldDataLayers Name:WorldDataLayers Label:WorldDataLayers SpatiallyLoaded:0 Bounds:IsValid=true, Min=(X=0.000 Y=0.000 Z=0.000), Max=(X=0.000 Y=0.000 Z=0.000) RuntimeGrid:None EditorOnly:0 RuntimeOnly:0 HLODRelevant:0 ListedInSceneOutliner:1 IsMainWorldOnly:1
 |   |   |- [+] [ 13]
 |   |   |   |- Guid:6D3ED4D442436E3C44C03EAA7512C37E BaseClass: NativeClass:/Script/Engine.StaticMeshActor Name:StaticMeshActor_UAID_B42E99A69228E8B201_1188418971 Label:SM_Aurora SpatiallyLoaded:1 Bounds:IsValid=true, Min=(X=34956.430 Y=-12474.807 Z=-27558.680), Max=(X=84956.432 Y=74127.738 Z=32441.482) RuntimeGrid:None EditorOnly:0 RuntimeOnly:0 HLODRelevant:1 ListedInSceneOutliner:1 IsMainWorldOnly:0 FolderPath:Aurora FolderGuid:0522E6934BE19FCFAEB124ADD8C19AF0
 |   |   |- [+] [ 14]
 |   |   |   |- Guid:8347A7654C7EBCA7ACC377B9FAA71C1F BaseClass: NativeClass:/Script/Engine.StaticMeshActor Name:StaticMeshActor_UAID_B42E99A69228F0B201_2071325375 Label:Sphere SpatiallyLoaded:1 Bounds:IsValid=true, Min=(X=-2000.000 Y=-4470.000 Z=-2327.500), Max=(X=5000.000 Y=6530.000 Z=-1052.500) RuntimeGrid:None EditorOnly:0 RuntimeOnly:0 HLODRelevant:1 ListedInSceneOutliner:1 IsMainWorldOnly:0 FolderPath:Playground FolderGuid:C73F09FC4215536B1DCE2A9E0A830C70
 |   |   |- [+] [ 15]
 |   |   |   |- Guid:845E21484D619D341FE531B2BEF51EB5 BaseClass: NativeClass:/Script/Engine.StaticMeshActor Name:StaticMeshActor_UAID_B42E99A69228FCB201_1320384486 Label:Cylinder4 SpatiallyLoaded:1 Bounds:IsValid=true, Min=(X=-2416.050 Y=-1900.786 Z=-1040.000), Max=(X=1160.412 Y=3500.786 Z=-938.773) RuntimeGrid:None EditorOnly:0 RuntimeOnly:0 HLODRelevant:1 ListedInSceneOutliner:1 IsMainWorldOnly:0 FolderPath:Playground FolderGuid:C73F09FC4215536B1DCE2A9E0A830C70
 |   |   |- [+] [ 16]
 |   |   |   |- Guid:9DCC15874FC3195E2CBBC18A798F2B6D BaseClass: NativeClass:/Script/Engine.StaticMeshActor Name:StaticMeshActor_UAID_B42E99A69228EFB201_1313831195 Label:SM_Aurora2 SpatiallyLoaded:1 Bounds:IsValid=true, Min=(X=23336.041 Y=-69252.155 Z=-25742.017), Max=(X=57538.057 Y=24717.111 Z=34258.145) RuntimeGrid:None EditorOnly:0 RuntimeOnly:0 HLODRelevant:1 ListedInSceneOutliner:1 IsMainWorldOnly:0 FolderPath:Aurora FolderGuid:0522E6934BE19FCFAEB124ADD8C19AF0
 |   |   |- [+] [ 17]
 |   |   |   |- Guid:9F2C4D3549A299766CAA2CA89DAE6DFF BaseClass:/Game/ThirdPerson/Blueprints/SnowBall/BP_Snowball.BP_Snowball_C NativeClass:/Script/Engine.Actor Name:Test_C_UAID_B42E99A69228BBB101_1253918992 Label:BP_TestBall SpatiallyLoaded:1 Bounds:IsValid=true, Min=(X=1150.000 Y=940.000 Z=110.000), Max=(X=1250.000 Y=1040.000 Z=210.000) RuntimeGrid:None EditorOnly:0 RuntimeOnly:0 HLODRelevant:0 ListedInSceneOutliner:1 IsMainWorldOnly:0
 |   |   |- [+] [ 18]
 |   |   |   |- Guid:B785ED2844B84CFB91E7F39FE661CD99 BaseClass: NativeClass:/Script/Engine.DirectionalLight Name:DirectionalLight_0 Label:DirectionalLight SpatiallyLoaded:0 Bounds:IsValid=true, Min=(X=-4398046511104.000 Y=-4398046511104.000 Z=-4398046511104.000), Max=(X=4398046511104.000 Y=4398046511104.000 Z=4398046511104.000) RuntimeGrid:None EditorOnly:0 RuntimeOnly:0 HLODRelevant:0 ListedInSceneOutliner:1 IsMainWorldOnly:0 FolderPath:Lighting FolderGuid:963EC3EB4002CCE9759E2EBA541A873A
 |   |   |- [+] [ 19]
 |   |   |   |- Guid:BAEF32C548070216DD263CB316115C39 BaseClass: NativeClass:/Script/Engine.StaticMeshActor Name:StaticMeshActor_UAID_B42E99A69228FDB201_2008102670 Label:Cone SpatiallyLoaded:1 Bounds:IsValid=true, Min=(X=-670.000 Y=-700.000 Z=-1370.000), Max=(X=2330.000 Y=2300.000 Z=-269.216) RuntimeGrid:None EditorOnly:0 RuntimeOnly:0 HLODRelevant:1 ListedInSceneOutliner:1 IsMainWorldOnly:0
 |   |   |- [+] [ 20]
 |   |   |   |- Guid:C92C8AAB4847716B19426F9164520D6F BaseClass: NativeClass:/Script/Engine.StaticMeshActor Name:StaticMeshActor_UAID_B42E99A6922824B301_1968846521 Label:SM_Aurora10 SpatiallyLoaded:1 Bounds:IsValid=true, Min=(X=-86890.994 Y=-24675.965 Z=-22478.595), Max=(X=-34732.922 Y=118627.168 Z=45321.588) RuntimeGrid:None EditorOnly:0 RuntimeOnly:0 HLODRelevant:1 ListedInSceneOutliner:1 IsMainWorldOnly:0 FolderPath:Aurora FolderGuid:0522E6934BE19FCFAEB124ADD8C19AF0
 |   |   |- [+] [ 21]
 |   |   |   |- Guid:CAAD5FC64523D6D80927BF8B0EC6DF6C BaseClass: NativeClass:/Script/Engine.StaticMeshActor Name:StaticMeshActor_UAID_B42E99A69228FAB201_1508204128 Label:SM_Aurora3 SpatiallyLoaded:1 Bounds:IsValid=true, Min=(X=6269.299 Y=-116160.118 Z=-14532.017), Max=(X=74673.331 Y=71778.416 Z=45468.145) RuntimeGrid:None EditorOnly:0 RuntimeOnly:0 HLODRelevant:1 ListedInSceneOutliner:1 IsMainWorldOnly:0 FolderPath:Aurora FolderGuid:0522E6934BE19FCFAEB124ADD8C19AF0
 |   |   |- [+] [ 22]
 |   |   |   |- Guid:CCFF262C46EEFFDF319E7F9539CE697E BaseClass: NativeClass:/Script/Engine.SkyAtmosphere Name:SkyAtmosphere_0 Label:SkyAtmosphere SpatiallyLoaded:0 Bounds:IsValid=true, Min=(X=0.000 Y=0.000 Z=1020.000), Max=(X=0.000 Y=0.000 Z=1020.000) RuntimeGrid:None EditorOnly:0 RuntimeOnly:0 HLODRelevant:0 ListedInSceneOutliner:1 IsMainWorldOnly:0 FolderPath:Lighting FolderGuid:963EC3EB4002CCE9759E2EBA541A873A
 |   |   |- [+] [ 23]
 |   |   |   |- Guid:D85997EA4B0C2B82F33D77AB0C37B306 BaseClass: NativeClass:/Script/Engine.StaticMeshActor Name:StaticMeshActor_UAID_B42E99A69228FEB201_1963651852 Label:S_Ice_Cliff_uhprdg2fa_lod3_Var1 SpatiallyLoaded:1 Bounds:IsValid=true, Min=(X=-342.924 Y=1968.553 Z=-1274.219), Max=(X=318.159 Y=2552.704 Z=-506.743) RuntimeGrid:None EditorOnly:0 RuntimeOnly:0 HLODRelevant:1 ListedInSceneOutliner:1 IsMainWorldOnly:0
 |   |   |- [+] [ 24]
 |   |   |   |- Guid:DD7D8A1748C72805F5223B88861E983E BaseClass: NativeClass:/Script/Engine.StaticMeshActor Name:StaticMeshActor_UAID_B42E99A69228E2B201_1844534905 Label:Cylinder2 SpatiallyLoaded:1 Bounds:IsValid=true, Min=(X=860.000 Y=720.000 Z=310.000), Max=(X=960.000 Y=820.000 Z=410.000) RuntimeGrid:None EditorOnly:0 RuntimeOnly:0 HLODRelevant:1 ListedInSceneOutliner:1 IsMainWorldOnly:0
 |   |   |- [+] [ 25]
 |   |   |   |- Guid:F30E9F1E4F75352293A703A5FC737F84 BaseClass: NativeClass:/Script/Engine.StaticMeshActor Name:StaticMeshActor_UAID_B42E99A69228FCB201_2069453487 Label:S_Ice_Cliff_uhpocesfa_lod3_Var1 SpatiallyLoaded:1 Bounds:IsValid=true, Min=(X=-373.496 Y=-875.728 Z=-1044.541), Max=(X=427.060 Y=43.931 Z=-244.513) RuntimeGrid:None EditorOnly:0 RuntimeOnly:0 HLODRelevant:1 ListedInSceneOutliner:1 IsMainWorldOnly:0
 |   |   |- [+] [ 26]
 |   |   |   |- Guid:F34E5FF2456E692F2C960F84976B5AC7 BaseClass: NativeClass:/Script/Engine.StaticMeshActor Name:StaticMeshActor_UAID_B42E99A6922824B301_2006853522 Label:SM_Aurora11 SpatiallyLoaded:1 Bounds:IsValid=true, Min=(X=-72111.843 Y=42981.700 Z=-25785.404), Max=(X=14490.702 Y=92981.702 Z=55064.814) RuntimeGrid:None EditorOnly:0 RuntimeOnly:0 HLODRelevant:1 ListedInSceneOutliner:1 IsMainWorldOnly:0 FolderPath:Aurora FolderGuid:0522E6934BE19FCFAEB124ADD8C19AF0
 |   |   |- [+] [ 27]
 |   |   |   |- Guid:F5E3FEB3450C49844FD93DA8E083C8AD BaseClass: NativeClass:/Script/Engine.PostProcessVolume Name:PostProcessVolume_0 Label:PostProcessVolume SpatiallyLoaded:0 Bounds:IsValid=true, Min=(X=0.000 Y=0.000 Z=400.000), Max=(X=200.000 Y=200.000 Z=600.000) RuntimeGrid:None EditorOnly:0 RuntimeOnly:0 HLODRelevant:0 ListedInSceneOutliner:1 IsMainWorldOnly:0 FolderPath:Lighting FolderGuid:963EC3EB4002CCE9759E2EBA541A873A
 |   |   |- [+] [ 28]
 |   |   |   |- Guid:F8D096994827E437C129498F3B4496D0 BaseClass: NativeClass:/Script/Engine.StaticMeshActor Name:StaticMeshActor_UAID_B42E99A6922829B301_1911992401 Label:SM_Aurora1 SpatiallyLoaded:1 Bounds:IsValid=true, Min=(X=30564.870 Y=-34378.710 Z=-26061.230), Max=(X=82132.005 Y=78384.411 Z=44290.538) RuntimeGrid:None EditorOnly:0 RuntimeOnly:0 HLODRelevant:1 ListedInSceneOutliner:1 IsMainWorldOnly:0 FolderPath:Aurora FolderGuid:0522E6934BE19FCFAEB124ADD8C19AF0
 |   |   |- [+] [ 29]
 |   |   |   |- Guid:FA732D104B560E39E68E50B01B04590F BaseClass: NativeClass:/Script/Engine.StaticMeshActor Name:StaticMeshActor_UAID_B42E99A69228FAB201_1510525129 Label:SM_Aurora4 SpatiallyLoaded:1 Bounds:IsValid=true, Min=(X=-84689.209 Y=-67861.878 Z=-14532.017), Max=(X=103249.326 Y=542.151 Z=45468.145) RuntimeGrid:None EditorOnly:0 RuntimeOnly:0 HLODRelevant:1 ListedInSceneOutliner:1 IsMainWorldOnly:0 FolderPath:Aurora FolderGuid:0522E6934BE19FCFAEB124ADD8C19AF0
 |- ContainerInstances:
 |- [+] MainContainer:
 |   |-        ID: 00000000000000000000000000000000
 |   |-  ParentID: 00000000000000000000000000000000
 |   |-    Bounds: IsValid=false, Min=(X=0.000 Y=0.000 Z=0.000), Max=(X=0.000 Y=0.000 Z=0.000)
 |   |- Transform: 0.000000,0.000000,0.000000|0.000000,0.000000,-0.000000|1.000000,1.000000,1.000000
 |   |- Container: /Game/ThirdPerson/Maps/ThirdPersonMap
----------------------------------------------------------------------------------------------------------------
ThirdPersonMap - Persistent Level
----------------------------------------------------------------------------------------------------------------
[+] Content of ThirdPersonMap Persistent Level
 |- Always loaded Actor Count: 38 
 |- Actor Path: /Game/ThirdPerson/Maps/ThirdPersonMap.ThirdPersonMap:PersistentLevel.AbstractNavData-Default
 |- Actor Package: /Game/ThirdPerson/Maps/ThirdPersonMap
 |- Actor Path: /Game/ThirdPerson/Maps/ThirdPersonMap.ThirdPersonMap:PersistentLevel.BP_Sky_Sphere_C_UAID_B42E99A69228EEB201_1726330018
 |- Actor Package: /Game/__ExternalActors__/ThirdPerson/Maps/ThirdPersonMap/D/6K/21GFLFJEMGBMZT16EVXDAW
 |- Actor Path: /Game/ThirdPerson/Maps/ThirdPersonMap.ThirdPersonMap:PersistentLevel.Brush_0
 |- Actor Package: /Game/ThirdPerson/Maps/ThirdPersonMap
 |- Actor Path: /Game/ThirdPerson/Maps/ThirdPersonMap.ThirdPersonMap:PersistentLevel.CameraActor_UAID_244BFEBB8C4E64B101_1806787674
 |- Actor Package: /Game/__ExternalActors__/ThirdPerson/Maps/ThirdPersonMap/4/NB/XXG4E68PYTR4YIRV5YHHA5
 |- Actor Path: /Game/ThirdPerson/Maps/ThirdPersonMap.ThirdPersonMap:PersistentLevel.CombinedTransformGizmoActor_0
 |- Actor Package: /Game/ThirdPerson/Maps/ThirdPersonMap
 |- Actor Path: /Game/ThirdPerson/Maps/ThirdPersonMap.ThirdPersonMap:PersistentLevel.DefaultPhysicsVolume_0
 |- Actor Package: /Game/ThirdPerson/Maps/ThirdPersonMap
 |- Actor Path: /Game/ThirdPerson/Maps/ThirdPersonMap.ThirdPersonMap:PersistentLevel.DirectionalLight_0
 |- Actor Package: /Game/__ExternalActors__/ThirdPerson/Maps/ThirdPersonMap/5/R1/TS5OQ5CRUWFZYL1ZQ7I416
 |- Actor Path: /Game/ThirdPerson/Maps/ThirdPersonMap.ThirdPersonMap:PersistentLevel.ExponentialHeightFog_0
 |- Actor Package: /Game/__ExternalActors__/ThirdPerson/Maps/ThirdPersonMap/6/J7/N10XDC9G27EMLS5AGZ6AVV
 |- Actor Path: /Game/ThirdPerson/Maps/ThirdPersonMap.ThirdPersonMap:PersistentLevel.GameplayDebuggerPlayerManager_0
 |- Actor Package: /Game/ThirdPerson/Maps/ThirdPersonMap
 |- Actor Path: /Game/ThirdPerson/Maps/ThirdPersonMap.ThirdPersonMap:PersistentLevel.PlayerStart_0
 |- Actor Package: /Game/__ExternalActors__/ThirdPerson/Maps/ThirdPersonMap/D/DE/SWSI13675DVYIZ0N4NF7Y3
 |- Actor Path: /Game/ThirdPerson/Maps/ThirdPersonMap.ThirdPersonMap:PersistentLevel.PostProcessVolume_0
 |- Actor Package: /Game/__ExternalActors__/ThirdPerson/Maps/ThirdPersonMap/1/AZ/A7GPT109Y6ZTTJD4A7TXER
 |- Actor Path: /Game/ThirdPerson/Maps/ThirdPersonMap.ThirdPersonMap:PersistentLevel.SkyAtmosphere_0
 |- Actor Package: /Game/__ExternalActors__/ThirdPerson/Maps/ThirdPersonMap/4/LN/30UBDLYFFA5ZR7U4W4L4GG
 |- Actor Path: /Game/ThirdPerson/Maps/ThirdPersonMap.ThirdPersonMap:PersistentLevel.StaticMeshActor_UAID_B42E99A6922824B301_1875027519
 |- Actor Package: /Game/__ExternalActors__/ThirdPerson/Maps/ThirdPersonMap/4/W0/TFKVGDQCP7GBV7NFQP6BT3
 |- Actor Path: /Game/ThirdPerson/Maps/ThirdPersonMap.ThirdPersonMap:PersistentLevel.StaticMeshActor_UAID_B42E99A6922824B301_1886177520
 |- Actor Package: /Game/__ExternalActors__/ThirdPerson/Maps/ThirdPersonMap/C/ON/HZX3TETP3EQ4SAFD04JRYS
 |- Actor Path: /Game/ThirdPerson/Maps/ThirdPersonMap.ThirdPersonMap:PersistentLevel.StaticMeshActor_UAID_B42E99A6922824B301_1968846521
 |- Actor Package: /Game/__ExternalActors__/ThirdPerson/Maps/ThirdPersonMap/C/FL/4IYS6VIX61JVVG006TDLLF
 |- Actor Path: /Game/ThirdPerson/Maps/ThirdPersonMap.ThirdPersonMap:PersistentLevel.StaticMeshActor_UAID_B42E99A6922824B301_2006853522
 |- Actor Package: /Game/__ExternalActors__/ThirdPerson/Maps/ThirdPersonMap/7/3V/Z37KKRF6AAA3619NFG2ROH
 |- Actor Path: /Game/ThirdPerson/Maps/ThirdPersonMap.ThirdPersonMap:PersistentLevel.StaticMeshActor_UAID_B42E99A6922829B301_1911992401
 |- Actor Package: /Game/__ExternalActors__/ThirdPerson/Maps/ThirdPersonMap/C/6G/IPWH9RGJ4O7KH88VEJHVC3
 |- Actor Path: /Game/ThirdPerson/Maps/ThirdPersonMap.ThirdPersonMap:PersistentLevel.StaticMeshActor_UAID_B42E99A69228E2B201_1844534905
 |- Actor Package: /Game/__ExternalActors__/ThirdPerson/Maps/ThirdPersonMap/C/SP/PWXUUT26GEF0YFX68OIMWZ
 |- Actor Path: /Game/ThirdPerson/Maps/ThirdPersonMap.ThirdPersonMap:PersistentLevel.StaticMeshActor_UAID_B42E99A69228E8B201_1188418971
 |- Actor Package: /Game/__ExternalActors__/ThirdPerson/Maps/ThirdPersonMap/4/Z3/VCVEXMI4V75KDTN2DSYY1F
 |- Actor Path: /Game/ThirdPerson/Maps/ThirdPersonMap.ThirdPersonMap:PersistentLevel.StaticMeshActor_UAID_B42E99A69228EFB201_1313831195
 |- Actor Package: /Game/__ExternalActors__/ThirdPerson/Maps/ThirdPersonMap/7/K5/RI1Y5Z0TOSGND5MO8L3SKU
 |- Actor Path: /Game/ThirdPerson/Maps/ThirdPersonMap.ThirdPersonMap:PersistentLevel.StaticMeshActor_UAID_B42E99A69228F0B201_2071325375
 |- Actor Package: /Game/__ExternalActors__/ThirdPerson/Maps/ThirdPersonMap/C/RR/1BLH83P4TMKG016G29CVCZ
 |- Actor Path: /Game/ThirdPerson/Maps/ThirdPersonMap.ThirdPersonMap:PersistentLevel.StaticMeshActor_UAID_B42E99A69228FAB201_1345981127
 |- Actor Package: /Game/__ExternalActors__/ThirdPerson/Maps/ThirdPersonMap/7/JS/NLSQD63KNYDATR71EYVJMA
 |- Actor Path: /Game/ThirdPerson/Maps/ThirdPersonMap.ThirdPersonMap:PersistentLevel.StaticMeshActor_UAID_B42E99A69228FAB201_1508204128
 |- Actor Package: /Game/__ExternalActors__/ThirdPerson/Maps/ThirdPersonMap/9/R7/RXPD7X58K2WC7IOUKZN9NF
 |- Actor Path: /Game/ThirdPerson/Maps/ThirdPersonMap.ThirdPersonMap:PersistentLevel.StaticMeshActor_UAID_B42E99A69228FAB201_1510525129
 |- Actor Package: /Game/__ExternalActors__/ThirdPerson/Maps/ThirdPersonMap/C/9J/V1H8RT8SIOVIM0I9BYB9A8
 |- Actor Path: /Game/ThirdPerson/Maps/ThirdPersonMap.ThirdPersonMap:PersistentLevel.StaticMeshActor_UAID_B42E99A69228FAB201_1518050130
 |- Actor Package: /Game/__ExternalActors__/ThirdPerson/Maps/ThirdPersonMap/1/HO/W6B4JZX6XU2QC0PCE10O8L
 |- Actor Path: /Game/ThirdPerson/Maps/ThirdPersonMap.ThirdPersonMap:PersistentLevel.StaticMeshActor_UAID_B42E99A69228FAB201_1526650131
 |- Actor Package: /Game/__ExternalActors__/ThirdPerson/Maps/ThirdPersonMap/3/UV/JFC0258UE22CKYIZX4BG1E
 |- Actor Path: /Game/ThirdPerson/Maps/ThirdPersonMap.ThirdPersonMap:PersistentLevel.StaticMeshActor_UAID_B42E99A69228FAB201_1571149132
 |- Actor Package: /Game/__ExternalActors__/ThirdPerson/Maps/ThirdPersonMap/5/MZ/4SOMCUP6P2BUVJRLJEVG0J
 |- Actor Path: /Game/ThirdPerson/Maps/ThirdPersonMap.ThirdPersonMap:PersistentLevel.StaticMeshActor_UAID_B42E99A69228FBB201_1155798309
 |- Actor Package: /Game/__ExternalActors__/ThirdPerson/Maps/ThirdPersonMap/5/4T/R5WBKERDTCIPRWPK794K2G
 |- Actor Path: /Game/ThirdPerson/Maps/ThirdPersonMap.ThirdPersonMap:PersistentLevel.StaticMeshActor_UAID_B42E99A69228FCB201_1320384486
 |- Actor Package: /Game/__ExternalActors__/ThirdPerson/Maps/ThirdPersonMap/0/TL/FDLUNJKPOLUEJP7UI27KT9
 |- Actor Path: /Game/ThirdPerson/Maps/ThirdPersonMap.ThirdPersonMap:PersistentLevel.StaticMeshActor_UAID_B42E99A69228FCB201_2069453487
 |- Actor Package: /Game/__ExternalActors__/ThirdPerson/Maps/ThirdPersonMap/5/5R/G1HPYE1TR37X63J5BFGOWH
 |- Actor Path: /Game/ThirdPerson/Maps/ThirdPersonMap.ThirdPersonMap:PersistentLevel.StaticMeshActor_UAID_B42E99A69228FDB201_2008102670
 |- Actor Package: /Game/__ExternalActors__/ThirdPerson/Maps/ThirdPersonMap/1/OX/O43KFHUS4XXLSC6JDDI1I4
 |- Actor Path: /Game/ThirdPerson/Maps/ThirdPersonMap.ThirdPersonMap:PersistentLevel.StaticMeshActor_UAID_B42E99A69228FEB201_1963651852
 |- Actor Package: /Game/__ExternalActors__/ThirdPerson/Maps/ThirdPersonMap/6/2T/FVIRB378XK98P2Q8RBGO3T
 |- Actor Path: /Game/ThirdPerson/Maps/ThirdPersonMap.ThirdPersonMap:PersistentLevel.Test_C_UAID_B42E99A69228BBB101_1253918992
 |- Actor Package: /Game/__ExternalActors__/ThirdPerson/Maps/ThirdPersonMap/6/ZX/ZWN3XXCUSIBHPEF03HE3VE
 |- Actor Path: /Game/ThirdPerson/Maps/ThirdPersonMap.ThirdPersonMap:PersistentLevel.TextRenderActor_1
 |- Actor Package: /Game/__ExternalActors__/ThirdPerson/Maps/ThirdPersonMap/1/WU/NB37RT5Q32Z8MJWD8BD2SO
 |- Actor Path: /Game/ThirdPerson/Maps/ThirdPersonMap.ThirdPersonMap:PersistentLevel.ThirdPersonMap_C_0
 |- Actor Package: /Game/ThirdPerson/Maps/ThirdPersonMap
 |- Actor Path: /Game/ThirdPerson/Maps/ThirdPersonMap.ThirdPersonMap:PersistentLevel.WorldDataLayers
 |- Actor Package: /Game/__ExternalActors__/ThirdPerson/Maps/ThirdPersonMap/0/43/HYQWORMY4JDQ5X3OKZXFLC
 |- Actor Path: /Game/ThirdPerson/Maps/ThirdPersonMap.ThirdPersonMap:PersistentLevel.WorldInfo_0
 |- Actor Package: /Game/ThirdPerson/Maps/ThirdPersonMap
 |- Actor Path: /Game/ThirdPerson/Maps/ThirdPersonMap.ThirdPersonMap:PersistentLevel.WorldPartitionMiniMap_0
 |- Actor Package: /Game/__ExternalActors__/ThirdPerson/Maps/ThirdPersonMap/E/FR/LBG6LPN5JCL3FMVSI2CK6R

----------------------------------------------------------------------------------------------------------------
ThirdPersonMap - Runtime Spatial Hash - Streaming Grid - MainGrid
----------------------------------------------------------------------------------------------------------------
            Origin: X=0.000 Y=0.000 Z=0.000
         Cell Size: 12800
      World Bounds: IsValid=false, Min=(X=0.000 Y=0.000 Z=0.000), Max=(X=0.000 Y=0.000 Z=0.000)
     Loading Range: 25600.00
Block Slow Loading: No
 ClientOnlyVisible: No
            Origin: X=0.000 Y=0.000 Z=0.000

[+] Grid Levels: 1
 |- Level  0: Cell Count    0 | Cell Size   12800 | Actor Count    0 (0.0%)

[+] Content of Grid Level 0

